[2024-01-12T04:48:14.282+0000] {taskinstance.py:1157} INFO - Dependencies all met for dep_context=non-requeueable deps ti=<TaskInstance: Data_Ingestion.raw_zone manual__2024-01-12T04:48:10.571152+00:00 [queued]>
[2024-01-12T04:48:14.287+0000] {taskinstance.py:1157} INFO - Dependencies all met for dep_context=requeueable deps ti=<TaskInstance: Data_Ingestion.raw_zone manual__2024-01-12T04:48:10.571152+00:00 [queued]>
[2024-01-12T04:48:14.287+0000] {taskinstance.py:1359} INFO - Starting attempt 1 of 1
[2024-01-12T04:48:14.294+0000] {taskinstance.py:1380} INFO - Executing <Task(PythonOperator): raw_zone> on 2024-01-12 04:48:10.571152+00:00
[2024-01-12T04:48:14.298+0000] {standard_task_runner.py:57} INFO - Started process 558 to run task
[2024-01-12T04:48:14.302+0000] {standard_task_runner.py:84} INFO - Running: ['***', 'tasks', 'run', 'Data_Ingestion', 'raw_zone', 'manual__2024-01-12T04:48:10.571152+00:00', '--job-id', '44', '--raw', '--subdir', 'DAGS_FOLDER/data_ingestion_layer.py', '--cfg-path', '/tmp/tmp260nj30u']
[2024-01-12T04:48:14.305+0000] {standard_task_runner.py:85} INFO - Job 44: Subtask raw_zone
[2024-01-12T04:48:14.339+0000] {task_command.py:415} INFO - Running <TaskInstance: Data_Ingestion.raw_zone manual__2024-01-12T04:48:10.571152+00:00 [running]> on host 9e5ee476ef7d
[2024-01-12T04:48:14.490+0000] {taskinstance.py:1660} INFO - Exporting env vars: AIRFLOW_CTX_DAG_EMAIL='thanatthuch724@gmail.com' AIRFLOW_CTX_DAG_OWNER='***' AIRFLOW_CTX_DAG_ID='Data_Ingestion' AIRFLOW_CTX_TASK_ID='raw_zone' AIRFLOW_CTX_EXECUTION_DATE='2024-01-12T04:48:10.571152+00:00' AIRFLOW_CTX_TRY_NUMBER='1' AIRFLOW_CTX_DAG_RUN_ID='manual__2024-01-12T04:48:10.571152+00:00'
[2024-01-12T04:48:14.500+0000] {logging_mixin.py:151} INFO -    yearMonth  ProductID  ... salesAmount  percentage_change
0    1996-07         17  ...       936.0                NaN
1    1996-07         40  ...       735.0                NaN
2    1996-07         60  ...      1088.0                NaN
3    1996-07          2  ...      1596.0                NaN
4    1996-07         39  ...       691.2                NaN
5    1996-07          5  ...      1309.0                NaN
6    1996-07         33  ...       170.0                NaN
7    1996-07         56  ...        60.8                NaN
8    1996-07         31  ...       200.0                NaN
9    1996-07         37  ...        20.8                NaN
10   1996-07         24  ...       154.8                NaN
11   1996-07         22  ...       100.8                NaN
12   1996-07         36  ...       380.0                NaN
13   1996-07         41  ...       392.7                NaN
14   1996-07         76  ...       216.0                NaN
15   1996-07         74  ...       456.0                NaN
16   1996-07         65  ...       588.0                NaN
17   1996-07         51  ...      3180.0                NaN
18   1996-07         32  ...       153.6                NaN
19   1996-07         49  ...       640.0                NaN
20   1996-07         72  ...       841.2                NaN
21   1996-07         30  ...      1242.0                NaN
22   1996-07         77  ...       280.8                NaN
23   1996-07         70  ...       492.0                NaN
24   1996-07         16  ...      1320.5                NaN
25   1996-07         53  ...       393.0                NaN
26   1996-07         55  ...       403.2                NaN
27   1996-07         11  ...       168.0                NaN
28   1996-07         12  ...       364.8                NaN
29   1996-07         59  ...      4400.0                NaN
30   1996-07         57  ...      1014.0                NaN
31   1996-07         27  ...       877.5                NaN
32   1996-07         42  ...        98.0                NaN
33   1996-07         20  ...      2592.0                NaN
34   1996-07         21  ...       240.0                NaN
35   1996-07         35  ...       288.0                NaN
36   1996-07         62  ...       591.0                NaN
37   1996-07         29  ...       990.0                NaN
38   1996-07         14  ...       167.4                NaN
39   1996-07          7  ...       360.0                NaN

[40 rows x 5 columns]
[2024-01-12T04:48:14.500+0000] {postgres.py:168} INFO - Running copy expert: COPY raw_staging.ProductSalesAmountByMonth (yearMonth, ProductId, ProductName, salesAmount, percentage_change)
        FROM stdin WITH CSV HEADER
        DELIMITER as ','
    , filename: /opt/***/data/1996Jul.csv
[2024-01-12T04:48:14.504+0000] {base.py:73} INFO - Using connection ID 'postgres_default' for task execution.
[2024-01-12T04:48:14.507+0000] {python.py:194} INFO - Done. Returned value was: None
[2024-01-12T04:48:14.511+0000] {taskinstance.py:1398} INFO - Marking task as SUCCESS. dag_id=Data_Ingestion, task_id=raw_zone, execution_date=20240112T044810, start_date=20240112T044814, end_date=20240112T044814
[2024-01-12T04:48:14.555+0000] {local_task_job_runner.py:228} INFO - Task exited with return code 0
[2024-01-12T04:48:14.567+0000] {taskinstance.py:2776} INFO - 1 downstream tasks scheduled from follow-on schedule check
